{"content": {"suites": {"0": {"status": {"total_pass": 2, "total_skip": 0, "total_xpass": 0, "total_xfail": 0, "total_rerun": 0, "total_fail": 0, "total_error": 0}, "tests": {"0": {"status": "PASS", "message": "", "test_name": "test_GetFirstData", "rerun": "0"}, "1": {"status": "PASS", "message": "", "test_name": "test_GetLastData", "rerun": "0"}}, "suite_name": "test_Get_LocalData.py"}, "1": {"suite_name": "test_load_workbook.py", "tests": {"0": {"status": "FAIL", "message": "   selenium.common.exceptions.WebDriverException: Message: chrome not reachable\n     (Session info: chrome=105.0.5195.127)\n   Stacktrace:\n   Backtrace:\n   \tOrdinal0 [0x011278B3+2193587]\n   \tOrdinal0 [0x010C0681+1771137]\n   \tOrdinal0 [0x00FD4070+802928]\n   \tOrdinal0 [0x00FC9AB2+760498]\n   \tOrdinal0 [0x00FBCEAF+708271]\n   \tOrdinal0 [0x00FC1142+725314]\n   \tOrdinal0 [0x00FC55C9+742857]\n   \tOrdinal0 [0x00FD5500+808192]\n   \tOrdinal0 [0x0102D2C2+1168066]\n   \tOrdinal0 [0x0101D5C6+1103302]\n   \tOrdinal0 [0x00FF77E0+948192]\n   \tOrdinal0 [0x00FF86E6+952038]\n   \tGetHandleVerifier [0x013D0CB2+2738370]\n   \tGetHandleVerifier [0x013C21B8+2678216]\n   \tGetHandleVerifier [0x011B17AA+512954]\n   \tGetHandleVerifier [0x011B0856+509030]\n   \tOrdinal0 [0x010C743B+1799227]\n   \tOrdinal0 [0x010CBB68+1817448]\n   \tOrdinal0 [0x010CBC55+1817685]\n   \tOrdinal0 [0x010D5230+1856048]\n   \tBaseThreadInitThunk [0x758FFA29+25]\n   \tRtlGetAppContainerNamedObjectPath [0x770A7A9E+286]\n   \tRtlGetAppContainerNamedObjectPath [0x770A7A6E+238]\n", "test_name": "test_load1", "rerun": "0"}, "1": {"status": "FAIL", "message": "   selenium.common.exceptions.WebDriverException: Message: chrome not reachable\n     (Session info: chrome=105.0.5195.127)\n   Stacktrace:\n   Backtrace:\n   \tOrdinal0 [0x011278B3+2193587]\n   \tOrdinal0 [0x010C0681+1771137]\n   \tOrdinal0 [0x00FD4070+802928]\n   \tOrdinal0 [0x00FC9AB2+760498]\n   \tOrdinal0 [0x00FBCEAF+708271]\n   \tOrdinal0 [0x00FC1142+725314]\n   \tOrdinal0 [0x00FC55C9+742857]\n   \tOrdinal0 [0x00FD5500+808192]\n   \tOrdinal0 [0x0102D2C2+1168066]\n   \tOrdinal0 [0x0101D5C6+1103302]\n   \tOrdinal0 [0x00FF77E0+948192]\n   \tOrdinal0 [0x00FF86E6+952038]\n   \tGetHandleVerifier [0x013D0CB2+2738370]\n   \tGetHandleVerifier [0x013C21B8+2678216]\n   \tGetHandleVerifier [0x011B17AA+512954]\n   \tGetHandleVerifier [0x011B0856+509030]\n   \tOrdinal0 [0x010C743B+1799227]\n   \tOrdinal0 [0x010CBB68+1817448]\n   \tOrdinal0 [0x010CBC55+1817685]\n   \tOrdinal0 [0x010D5230+1856048]\n   \tBaseThreadInitThunk [0x758FFA29+25]\n   \tRtlGetAppContainerNamedObjectPath [0x770A7A9E+286]\n   \tRtlGetAppContainerNamedObjectPath [0x770A7A6E+238]\n", "test_name": "test_load2", "rerun": "0"}}, "status": {"total_pass": 0, "total_skip": 0, "total_xpass": 0, "total_xfail": 0, "total_rerun": 0, "total_fail": 2, "total_error": 0}}}}, "date": "September 26, 2022", "start_time": 1664184415.1964238, "total_suite": 2, "status": "FAIL", "status_list": {"pass": "2", "fail": "2", "skip": "0", "error": "0", "xpass": "0", "xfail": "0", "rerun": "0"}, "total_tests": "4"}