{"content": {"suites": {"0": {"status": {"total_pass": 2, "total_skip": 0, "total_xpass": 0, "total_xfail": 0, "total_rerun": 0, "total_fail": 0, "total_error": 0}, "tests": {"0": {"status": "PASS", "message": "", "test_name": "test_GetFirstData", "rerun": "0"}, "1": {"status": "PASS", "message": "", "test_name": "test_GetLastData", "rerun": "0"}}, "suite_name": "test_Get_LocalData.py"}, "1": {"suite_name": "test_get_data_workbook.py", "tests": {"0": {"status": "FAIL", "message": "   selenium.common.exceptions.WebDriverException: Message: chrome not reachable\n     (Session info: chrome=105.0.5195.127)\n   Stacktrace:\n   Backtrace:\n   \tOrdinal0 [0x009378B3+2193587]\n   \tOrdinal0 [0x008D0681+1771137]\n   \tOrdinal0 [0x007E4070+802928]\n   \tOrdinal0 [0x007D9AB2+760498]\n   \tOrdinal0 [0x007CCEAF+708271]\n   \tOrdinal0 [0x007D1142+725314]\n   \tOrdinal0 [0x007D55C9+742857]\n   \tOrdinal0 [0x007E5500+808192]\n   \tOrdinal0 [0x0083D2C2+1168066]\n   \tOrdinal0 [0x0082D5C6+1103302]\n   \tOrdinal0 [0x008077E0+948192]\n   \tOrdinal0 [0x008086E6+952038]\n   \tGetHandleVerifier [0x00BE0CB2+2738370]\n   \tGetHandleVerifier [0x00BD21B8+2678216]\n   \tGetHandleVerifier [0x009C17AA+512954]\n   \tGetHandleVerifier [0x009C0856+509030]\n   \tOrdinal0 [0x008D743B+1799227]\n   \tOrdinal0 [0x008DBB68+1817448]\n   \tOrdinal0 [0x008DBC55+1817685]\n   \tOrdinal0 [0x008E5230+1856048]\n   \tBaseThreadInitThunk [0x75D5FA29+25]\n   \tRtlGetAppContainerNamedObjectPath [0x77CE7A9E+286]\n   \tRtlGetAppContainerNamedObjectPath [0x77CE7A6E+238]\n", "test_name": "test_load1", "rerun": "0"}, "1": {"status": "FAIL", "message": "   selenium.common.exceptions.WebDriverException: Message: chrome not reachable\n     (Session info: chrome=105.0.5195.127)\n   Stacktrace:\n   Backtrace:\n   \tOrdinal0 [0x009378B3+2193587]\n   \tOrdinal0 [0x008D0681+1771137]\n   \tOrdinal0 [0x007E4070+802928]\n   \tOrdinal0 [0x007D9AB2+760498]\n   \tOrdinal0 [0x007CCEAF+708271]\n   \tOrdinal0 [0x007D1142+725314]\n   \tOrdinal0 [0x007D55C9+742857]\n   \tOrdinal0 [0x007E5500+808192]\n   \tOrdinal0 [0x0083D2C2+1168066]\n   \tOrdinal0 [0x0082D5C6+1103302]\n   \tOrdinal0 [0x008077E0+948192]\n   \tOrdinal0 [0x008086E6+952038]\n   \tGetHandleVerifier [0x00BE0CB2+2738370]\n   \tGetHandleVerifier [0x00BD21B8+2678216]\n   \tGetHandleVerifier [0x009C17AA+512954]\n   \tGetHandleVerifier [0x009C0856+509030]\n   \tOrdinal0 [0x008D743B+1799227]\n   \tOrdinal0 [0x008DBB68+1817448]\n   \tOrdinal0 [0x008DBC55+1817685]\n   \tOrdinal0 [0x008E5230+1856048]\n   \tBaseThreadInitThunk [0x75D5FA29+25]\n   \tRtlGetAppContainerNamedObjectPath [0x77CE7A9E+286]\n   \tRtlGetAppContainerNamedObjectPath [0x77CE7A6E+238]\n", "test_name": "test_load2", "rerun": "0"}}, "status": {"total_pass": 0, "total_skip": 0, "total_xpass": 0, "total_xfail": 0, "total_rerun": 0, "total_fail": 2, "total_error": 0}}, "2": {"suite_name": "test_write_workbook.py", "tests": {"0": {"status": "FAIL", "message": "               PermissionError: [Errno 13] Permission denied: 'E:\\\\BELAJARQA\\\\Python-Basic-Logic\\\\hello_world.xlsx'\n", "test_name": "test_write1", "rerun": "0"}, "1": {"status": "FAIL", "message": "               PermissionError: [Errno 13] Permission denied: 'E:\\\\BELAJARQA\\\\Python-Basic-Logic\\\\hello_world.xlsx'\n", "test_name": "test_write2", "rerun": "0"}, "2": {"status": "FAIL", "message": "   selenium.common.exceptions.WebDriverException: Message: chrome not reachable\n     (Session info: chrome=105.0.5195.127)\n   Stacktrace:\n   Backtrace:\n   \tOrdinal0 [0x009378B3+2193587]\n   \tOrdinal0 [0x008D0681+1771137]\n   \tOrdinal0 [0x007E4070+802928]\n   \tOrdinal0 [0x007D9AB2+760498]\n   \tOrdinal0 [0x007CCEAF+708271]\n   \tOrdinal0 [0x007D1142+725314]\n   \tOrdinal0 [0x007D55C9+742857]\n   \tOrdinal0 [0x007E5500+808192]\n   \tOrdinal0 [0x0083D2C2+1168066]\n   \tOrdinal0 [0x0082D5C6+1103302]\n   \tOrdinal0 [0x008077E0+948192]\n   \tOrdinal0 [0x008086E6+952038]\n   \tGetHandleVerifier [0x00BE0CB2+2738370]\n   \tGetHandleVerifier [0x00BD21B8+2678216]\n   \tGetHandleVerifier [0x009C17AA+512954]\n   \tGetHandleVerifier [0x009C0856+509030]\n   \tOrdinal0 [0x008D743B+1799227]\n   \tOrdinal0 [0x008DBB68+1817448]\n   \tOrdinal0 [0x008DBC55+1817685]\n   \tOrdinal0 [0x008E5230+1856048]\n   \tBaseThreadInitThunk [0x75D5FA29+25]\n   \tRtlGetAppContainerNamedObjectPath [0x77CE7A9E+286]\n   \tRtlGetAppContainerNamedObjectPath [0x77CE7A6E+238]\n", "test_name": "test_write3", "rerun": "0"}}, "status": {"total_pass": 0, "total_skip": 0, "total_xpass": 0, "total_xfail": 0, "total_rerun": 0, "total_fail": 3, "total_error": 0}}}}, "date": "October 09, 2022", "start_time": 1665308952.7853334, "total_suite": 3, "status": "FAIL", "status_list": {"pass": "2", "fail": "5", "skip": "0", "error": "0", "xpass": "0", "xfail": "0", "rerun": "0"}, "total_tests": "7"}